{"time":"2025-12-19T19:15:48.377801+01:00","level":"INFO","msg":"starting worker application"}
{"time":"2025-12-19T19:15:48.377963+01:00","level":"INFO","msg":"creating new worker","port":":8001"}
{"time":"2025-12-19T19:15:48.378074+01:00","level":"INFO","msg":"worker created successfully","workerID":"d6e4a499-8cb3-450f-8fad-36ae6267a914","addr":"192.168.1.131:8001"}
{"time":"2025-12-19T19:15:48.378116+01:00","level":"INFO","msg":"registering worker with manager","managerUrl":"http://localhost:8081/api/v1","workerID":"d6e4a499-8cb3-450f-8fad-36ae6267a914"}
{"time":"2025-12-19T19:15:48.378121+01:00","level":"DEBUG","msg":"registration endpoint","endpoint":"http://localhost:8081/api/v1/worker"}
{"time":"2025-12-19T19:15:48.391127+01:00","level":"INFO","msg":"worker registered successfully","workerID":"d6e4a499-8cb3-450f-8fad-36ae6267a914","response":""}
{"time":"2025-12-19T19:15:48.391159+01:00","level":"INFO","msg":"worker ready to accept requests","workerID":"d6e4a499-8cb3-450f-8fad-36ae6267a914","addr":"192.168.1.131:8001"}
{"time":"2025-12-19T19:15:48.391277+01:00","level":"INFO","msg":"starting http server","addr":"192.168.1.131:8001"}
{"time":"2025-12-19T20:24:10.931959+01:00","level":"INFO","msg":"starting worker application"}
{"time":"2025-12-19T20:24:10.932511+01:00","level":"INFO","msg":"creating new worker","port":":8001"}
{"time":"2025-12-19T20:24:10.932618+01:00","level":"INFO","msg":"worker created successfully","workerID":"e24795f9-aee9-438e-ba0d-3da674a3a181","addr":"192.168.1.131:8001"}
{"time":"2025-12-19T20:24:10.932662+01:00","level":"INFO","msg":"registering worker with manager","managerUrl":"http://localhost:8081/api/v1","workerID":"e24795f9-aee9-438e-ba0d-3da674a3a181"}
{"time":"2025-12-19T20:24:10.932667+01:00","level":"DEBUG","msg":"registration endpoint","endpoint":"http://localhost:8081/api/v1/worker"}
{"time":"2025-12-19T20:24:10.937239+01:00","level":"ERROR","msg":"registration request failed","endpoint":"http://localhost:8081/api/v1/worker","error":"Post \"http://localhost:8081/api/v1/worker\": read tcp [::1]:60549->[::1]:8081: read: connection reset by peer"}
{"time":"2025-12-19T20:24:10.937273+01:00","level":"ERROR","msg":"failed to register worker","error":"Post \"http://localhost:8081/api/v1/worker\": read tcp [::1]:60549->[::1]:8081: read: connection reset by peer"}
{"time":"2025-12-19T20:24:18.824404+01:00","level":"INFO","msg":"starting worker application"}
{"time":"2025-12-19T20:24:18.824896+01:00","level":"INFO","msg":"creating new worker","port":":8001"}
{"time":"2025-12-19T20:24:18.825027+01:00","level":"INFO","msg":"worker created successfully","workerID":"33408825-6910-45bb-8e65-3f0b64bf1f36","addr":"192.168.1.131:8001"}
{"time":"2025-12-19T20:24:18.825069+01:00","level":"INFO","msg":"registering worker with manager","managerUrl":"http://localhost:8081/api/v1","workerID":"33408825-6910-45bb-8e65-3f0b64bf1f36"}
{"time":"2025-12-19T20:24:18.825074+01:00","level":"DEBUG","msg":"registration endpoint","endpoint":"http://localhost:8081/api/v1/worker"}
{"time":"2025-12-19T20:24:18.829446+01:00","level":"ERROR","msg":"registration request failed","endpoint":"http://localhost:8081/api/v1/worker","error":"Post \"http://localhost:8081/api/v1/worker\": read tcp [::1]:60552->[::1]:8081: read: connection reset by peer"}
{"time":"2025-12-19T20:24:18.829465+01:00","level":"ERROR","msg":"failed to register worker","error":"Post \"http://localhost:8081/api/v1/worker\": read tcp [::1]:60552->[::1]:8081: read: connection reset by peer"}
{"time":"2025-12-19T20:24:31.430429+01:00","level":"INFO","msg":"starting worker application"}
{"time":"2025-12-19T20:24:31.43184+01:00","level":"INFO","msg":"creating new worker","port":":8001"}
{"time":"2025-12-19T20:24:31.432546+01:00","level":"INFO","msg":"worker created successfully","workerID":"500726ea-4296-416d-8d9b-7c6daa54a371","addr":"192.168.1.131:8001"}
{"time":"2025-12-19T20:24:31.432642+01:00","level":"INFO","msg":"registering worker with manager","managerUrl":"http://localhost:8081/api/v1","workerID":"500726ea-4296-416d-8d9b-7c6daa54a371"}
{"time":"2025-12-19T20:24:31.432648+01:00","level":"DEBUG","msg":"registration endpoint","endpoint":"http://localhost:8081/api/v1/worker"}
{"time":"2025-12-19T20:24:31.440902+01:00","level":"ERROR","msg":"registration request failed","endpoint":"http://localhost:8081/api/v1/worker","error":"Post \"http://localhost:8081/api/v1/worker\": read tcp [::1]:60555->[::1]:8081: read: connection reset by peer"}
{"time":"2025-12-19T20:24:31.440931+01:00","level":"ERROR","msg":"failed to register worker","error":"Post \"http://localhost:8081/api/v1/worker\": read tcp [::1]:60555->[::1]:8081: read: connection reset by peer"}
{"time":"2025-12-19T20:32:29.283881+01:00","level":"INFO","msg":"starting worker application"}
{"time":"2025-12-19T20:32:29.284599+01:00","level":"INFO","msg":"creating new worker","port":":8001"}
{"time":"2025-12-19T20:32:29.28471+01:00","level":"INFO","msg":"worker created successfully","workerID":"a527dfd9-ecdf-47ba-9289-51b97777df48","addr":"192.168.1.131:8001"}
{"time":"2025-12-19T20:32:29.284752+01:00","level":"INFO","msg":"registering worker with manager","managerUrl":"http://localhost:8081/api/v1","workerID":"a527dfd9-ecdf-47ba-9289-51b97777df48"}
{"time":"2025-12-19T20:32:29.284757+01:00","level":"DEBUG","msg":"registration endpoint","endpoint":"http://localhost:8081/api/v1/worker"}
{"time":"2025-12-19T20:32:29.291068+01:00","level":"ERROR","msg":"registration request failed","endpoint":"http://localhost:8081/api/v1/worker","error":"Post \"http://localhost:8081/api/v1/worker\": read tcp [::1]:61087->[::1]:8081: read: connection reset by peer"}
{"time":"2025-12-19T20:32:29.291087+01:00","level":"ERROR","msg":"failed to register worker","error":"Post \"http://localhost:8081/api/v1/worker\": read tcp [::1]:61087->[::1]:8081: read: connection reset by peer"}
{"time":"2025-12-19T20:47:51.119215+01:00","level":"INFO","msg":"starting worker application"}
{"time":"2025-12-19T20:47:51.119885+01:00","level":"INFO","msg":"creating new worker","port":":8001"}
{"time":"2025-12-19T20:47:51.120019+01:00","level":"INFO","msg":"worker created successfully","workerID":"ea298074-52e3-4ad8-a2e4-0eee408f11bc","addr":"192.168.1.131:8001"}
{"time":"2025-12-19T20:47:51.12007+01:00","level":"INFO","msg":"registering worker with manager","managerUrl":"http://localhost:8081/api/v1","workerID":"ea298074-52e3-4ad8-a2e4-0eee408f11bc"}
{"time":"2025-12-19T20:47:51.120077+01:00","level":"DEBUG","msg":"registration endpoint","endpoint":"http://localhost:8081/api/v1/worker"}
{"time":"2025-12-19T20:47:51.123886+01:00","level":"ERROR","msg":"registration request failed","endpoint":"http://localhost:8081/api/v1/worker","error":"Post \"http://localhost:8081/api/v1/worker\": dial tcp [::1]:8081: connect: connection refused"}
{"time":"2025-12-19T20:47:51.123933+01:00","level":"ERROR","msg":"failed to register worker","error":"Post \"http://localhost:8081/api/v1/worker\": dial tcp [::1]:8081: connect: connection refused"}
{"time":"2025-12-19T20:48:02.725176+01:00","level":"INFO","msg":"starting worker application"}
{"time":"2025-12-19T20:48:02.725688+01:00","level":"INFO","msg":"creating new worker","port":":8001"}
{"time":"2025-12-19T20:48:02.725843+01:00","level":"INFO","msg":"worker created successfully","workerID":"27483d5b-e758-4a81-a687-30864ae69b14","addr":"192.168.1.131:8001"}
{"time":"2025-12-19T20:48:02.725897+01:00","level":"INFO","msg":"registering worker with manager","managerUrl":"http://localhost:8081/api/v1","workerID":"27483d5b-e758-4a81-a687-30864ae69b14"}
{"time":"2025-12-19T20:48:02.725903+01:00","level":"DEBUG","msg":"registration endpoint","endpoint":"http://localhost:8081/api/v1/worker"}
{"time":"2025-12-19T20:48:02.730158+01:00","level":"ERROR","msg":"registration request failed","endpoint":"http://localhost:8081/api/v1/worker","error":"Post \"http://localhost:8081/api/v1/worker\": read tcp [::1]:61470->[::1]:8081: read: connection reset by peer"}
{"time":"2025-12-19T20:48:02.730196+01:00","level":"ERROR","msg":"failed to register worker","error":"Post \"http://localhost:8081/api/v1/worker\": read tcp [::1]:61470->[::1]:8081: read: connection reset by peer"}
{"time":"2025-12-19T20:48:24.188244+01:00","level":"INFO","msg":"starting worker application"}
{"time":"2025-12-19T20:48:24.189592+01:00","level":"INFO","msg":"creating new worker","port":":8001"}
{"time":"2025-12-19T20:48:24.190499+01:00","level":"INFO","msg":"worker created successfully","workerID":"bb959bd6-9c94-4d37-add3-2c8b0e00b103","addr":"192.168.1.131:8001"}
{"time":"2025-12-19T20:48:24.191151+01:00","level":"INFO","msg":"registering worker with manager","managerUrl":"http://localhost:8081/api/v1","workerID":"bb959bd6-9c94-4d37-add3-2c8b0e00b103"}
{"time":"2025-12-19T20:48:24.191157+01:00","level":"DEBUG","msg":"registration endpoint","endpoint":"http://localhost:8081/api/v1/worker"}
{"time":"2025-12-19T20:48:24.198144+01:00","level":"ERROR","msg":"registration request failed","endpoint":"http://localhost:8081/api/v1/worker","error":"Post \"http://localhost:8081/api/v1/worker\": read tcp [::1]:61476->[::1]:8081: read: connection reset by peer"}
{"time":"2025-12-19T20:48:24.198168+01:00","level":"ERROR","msg":"failed to register worker","error":"Post \"http://localhost:8081/api/v1/worker\": read tcp [::1]:61476->[::1]:8081: read: connection reset by peer"}
{"time":"2025-12-19T20:56:35.448992+01:00","level":"INFO","msg":"starting worker application"}
{"time":"2025-12-19T20:56:35.449767+01:00","level":"INFO","msg":"creating new worker","port":":8001"}
{"time":"2025-12-19T20:56:35.450077+01:00","level":"INFO","msg":"worker created successfully","workerID":"a6702379-b1a4-4d72-beba-16494da7aaf1","addr":"192.168.1.131:8001"}
{"time":"2025-12-19T20:56:35.450196+01:00","level":"INFO","msg":"registering worker with manager","managerUrl":"http://localhost:8081/api/v1","workerID":"a6702379-b1a4-4d72-beba-16494da7aaf1"}
{"time":"2025-12-19T20:56:35.450209+01:00","level":"DEBUG","msg":"registration endpoint","endpoint":"http://localhost:8081/api/v1/worker"}
{"time":"2025-12-19T20:56:35.471003+01:00","level":"ERROR","msg":"registration request failed","endpoint":"http://localhost:8081/api/v1/worker","error":"Post \"http://localhost:8081/api/v1/worker\": read tcp [::1]:61802->[::1]:8081: read: connection reset by peer"}
{"time":"2025-12-19T20:56:35.471047+01:00","level":"ERROR","msg":"failed to register worker","error":"Post \"http://localhost:8081/api/v1/worker\": read tcp [::1]:61802->[::1]:8081: read: connection reset by peer"}
{"time":"2025-12-19T20:59:59.772804+01:00","level":"INFO","msg":"starting worker application"}
{"time":"2025-12-19T20:59:59.773505+01:00","level":"INFO","msg":"creating new worker","port":":8001"}
{"time":"2025-12-19T20:59:59.773618+01:00","level":"INFO","msg":"worker created successfully","workerID":"d091dd19-964c-43d2-8a8d-a6285249332a","addr":"192.168.1.131:8001"}
{"time":"2025-12-19T20:59:59.773661+01:00","level":"INFO","msg":"registering worker with manager","managerUrl":"http://localhost:8081/api/v1","workerID":"d091dd19-964c-43d2-8a8d-a6285249332a"}
{"time":"2025-12-19T20:59:59.773665+01:00","level":"DEBUG","msg":"registration endpoint","endpoint":"http://localhost:8081/api/v1/worker"}
{"time":"2025-12-19T20:59:59.794238+01:00","level":"INFO","msg":"worker registered successfully","workerID":"d091dd19-964c-43d2-8a8d-a6285249332a","response":"{\"status\":\"registered\",\"worker_id\":\"d091dd19-964c-43d2-8a8d-a6285249332a\"}\n"}
{"time":"2025-12-19T20:59:59.794298+01:00","level":"INFO","msg":"worker ready to accept requests","workerID":"d091dd19-964c-43d2-8a8d-a6285249332a","addr":"192.168.1.131:8001"}
{"time":"2025-12-19T20:59:59.794428+01:00","level":"INFO","msg":"starting http server","addr":"192.168.1.131:8001"}
{"time":"2025-12-19T21:04:08.227233+01:00","level":"INFO","msg":"starting worker application"}
{"time":"2025-12-19T21:04:08.227681+01:00","level":"INFO","msg":"creating new worker","port":":8001"}
{"time":"2025-12-19T21:04:08.2278+01:00","level":"INFO","msg":"worker created successfully","workerID":"fd6812fb-8496-459f-95b2-2576d5db56aa","addr":"192.168.1.131:8001"}
{"time":"2025-12-19T21:04:08.227848+01:00","level":"INFO","msg":"registering worker with manager","managerUrl":"http://localhost:8081/api/v1","workerID":"fd6812fb-8496-459f-95b2-2576d5db56aa"}
{"time":"2025-12-19T21:04:08.227881+01:00","level":"DEBUG","msg":"registration endpoint","endpoint":"http://localhost:8081/api/v1/worker"}
{"time":"2025-12-19T21:04:08.235658+01:00","level":"INFO","msg":"worker registered successfully","workerID":"fd6812fb-8496-459f-95b2-2576d5db56aa","response":"{\"status\":\"registered\",\"worker_id\":\"fd6812fb-8496-459f-95b2-2576d5db56aa\"}\n"}
{"time":"2025-12-19T21:04:08.235687+01:00","level":"INFO","msg":"worker ready to accept requests","workerID":"fd6812fb-8496-459f-95b2-2576d5db56aa","addr":"192.168.1.131:8001"}
{"time":"2025-12-19T21:04:08.23574+01:00","level":"INFO","msg":"starting http server","addr":"192.168.1.131:8001"}
{"time":"2025-12-19T21:07:27.604928+01:00","level":"INFO","msg":"starting worker application"}
{"time":"2025-12-19T21:07:27.605415+01:00","level":"INFO","msg":"creating new worker","port":":8001"}
{"time":"2025-12-19T21:07:27.60555+01:00","level":"INFO","msg":"worker created successfully","workerID":"5ac5ef14-96be-4dda-9d64-158227e4d406","addr":"192.168.1.131:8001"}
{"time":"2025-12-19T21:07:27.605608+01:00","level":"INFO","msg":"registering worker with manager","managerUrl":"http://localhost:8081/api/v1","workerID":"5ac5ef14-96be-4dda-9d64-158227e4d406"}
{"time":"2025-12-19T21:07:27.605615+01:00","level":"DEBUG","msg":"registration endpoint","endpoint":"http://localhost:8081/api/v1/worker"}
{"time":"2025-12-19T21:07:27.617926+01:00","level":"INFO","msg":"worker registered successfully","workerID":"5ac5ef14-96be-4dda-9d64-158227e4d406","response":"{\"status\":\"registered\",\"worker_id\":\"5ac5ef14-96be-4dda-9d64-158227e4d406\"}\n"}
{"time":"2025-12-19T21:07:27.617987+01:00","level":"INFO","msg":"worker ready to accept requests","workerID":"5ac5ef14-96be-4dda-9d64-158227e4d406","addr":"192.168.1.131:8001"}
{"time":"2025-12-19T21:07:27.618124+01:00","level":"INFO","msg":"starting http server","addr":"192.168.1.131:8001"}
{"time":"2025-12-19T21:09:19.586123+01:00","level":"INFO","msg":"starting worker application"}
{"time":"2025-12-19T21:09:19.586991+01:00","level":"INFO","msg":"creating new worker","port":":8001"}
{"time":"2025-12-19T21:09:19.587254+01:00","level":"INFO","msg":"worker created successfully","workerID":"945bd7da-1efa-4751-9656-19f809af4362","addr":"192.168.1.131:8001"}
{"time":"2025-12-19T21:09:19.587367+01:00","level":"INFO","msg":"registering worker with manager","managerUrl":"http://localhost:8081/api/v1","workerID":"945bd7da-1efa-4751-9656-19f809af4362"}
{"time":"2025-12-19T21:09:19.587381+01:00","level":"DEBUG","msg":"registration endpoint","endpoint":"http://localhost:8081/api/v1/worker"}
{"time":"2025-12-19T21:09:19.600473+01:00","level":"INFO","msg":"worker registered successfully","workerID":"945bd7da-1efa-4751-9656-19f809af4362","response":"{\"status\":\"registered\",\"worker_id\":\"945bd7da-1efa-4751-9656-19f809af4362\"}\n"}
{"time":"2025-12-19T21:09:19.600513+01:00","level":"INFO","msg":"worker ready to accept requests","workerID":"945bd7da-1efa-4751-9656-19f809af4362","addr":"192.168.1.131:8001"}
{"time":"2025-12-19T21:09:19.600641+01:00","level":"INFO","msg":"starting http server","addr":"192.168.1.131:8001"}
{"time":"2025-12-19T21:09:19.780367+01:00","level":"DEBUG","msg":"health check request received"}
{"time":"2025-12-19T21:09:19.780541+01:00","level":"DEBUG","msg":"health check response sent"}
{"time":"2025-12-19T21:09:20.777193+01:00","level":"DEBUG","msg":"health check request received"}
{"time":"2025-12-19T21:09:20.777482+01:00","level":"DEBUG","msg":"health check response sent"}
{"time":"2025-12-19T21:09:21.772499+01:00","level":"DEBUG","msg":"health check request received"}
{"time":"2025-12-19T21:09:21.772717+01:00","level":"DEBUG","msg":"health check response sent"}
{"time":"2025-12-19T21:09:22.773506+01:00","level":"DEBUG","msg":"health check request received"}
{"time":"2025-12-19T21:09:22.773722+01:00","level":"DEBUG","msg":"health check response sent"}
{"time":"2025-12-19T21:09:23.773701+01:00","level":"DEBUG","msg":"health check request received"}
{"time":"2025-12-19T21:09:23.773966+01:00","level":"DEBUG","msg":"health check response sent"}
{"time":"2025-12-19T21:09:24.773869+01:00","level":"DEBUG","msg":"health check request received"}
{"time":"2025-12-19T21:09:24.774025+01:00","level":"DEBUG","msg":"health check response sent"}
{"time":"2025-12-19T21:09:25.773909+01:00","level":"DEBUG","msg":"health check request received"}
{"time":"2025-12-19T21:09:25.774081+01:00","level":"DEBUG","msg":"health check response sent"}
{"time":"2025-12-19T21:09:26.779469+01:00","level":"DEBUG","msg":"health check request received"}
{"time":"2025-12-19T21:09:26.779813+01:00","level":"DEBUG","msg":"health check response sent"}
{"time":"2025-12-19T21:09:27.775644+01:00","level":"DEBUG","msg":"health check request received"}
{"time":"2025-12-19T21:09:27.776705+01:00","level":"DEBUG","msg":"health check response sent"}
{"time":"2025-12-19T21:09:28.776019+01:00","level":"DEBUG","msg":"health check request received"}
{"time":"2025-12-19T21:09:28.776213+01:00","level":"DEBUG","msg":"health check response sent"}
{"time":"2025-12-19T21:09:29.775261+01:00","level":"DEBUG","msg":"health check request received"}
{"time":"2025-12-19T21:09:29.775529+01:00","level":"DEBUG","msg":"health check response sent"}
{"time":"2025-12-19T21:09:30.773086+01:00","level":"DEBUG","msg":"health check request received"}
{"time":"2025-12-19T21:09:30.773285+01:00","level":"DEBUG","msg":"health check response sent"}
{"time":"2025-12-19T21:09:31.771456+01:00","level":"DEBUG","msg":"health check request received"}
{"time":"2025-12-19T21:09:31.771655+01:00","level":"DEBUG","msg":"health check response sent"}
{"time":"2025-12-19T21:09:32.779236+01:00","level":"DEBUG","msg":"health check request received"}
{"time":"2025-12-19T21:09:32.779327+01:00","level":"DEBUG","msg":"health check response sent"}
{"time":"2025-12-19T23:00:16.33542+01:00","level":"INFO","msg":"starting worker application"}
{"time":"2025-12-19T23:00:16.33801+01:00","level":"INFO","msg":"creating new worker","port":":8001"}
{"time":"2025-12-19T23:00:16.338118+01:00","level":"INFO","msg":"worker created successfully","workerID":"a57555a1-3774-4c29-8ae3-5870d981d16d","addr":"192.168.1.131:8001"}
{"time":"2025-12-19T23:00:16.338466+01:00","level":"INFO","msg":"registering worker with manager","managerUrl":"http://localhost:8081/api/v1","workerID":"a57555a1-3774-4c29-8ae3-5870d981d16d"}
{"time":"2025-12-19T23:00:16.338477+01:00","level":"DEBUG","msg":"registration endpoint","endpoint":"http://localhost:8081/api/v1/worker"}
{"time":"2025-12-19T23:00:16.351842+01:00","level":"INFO","msg":"worker registered successfully","workerID":"a57555a1-3774-4c29-8ae3-5870d981d16d","response":"{\"status\":\"registered\",\"worker_id\":\"a57555a1-3774-4c29-8ae3-5870d981d16d\"}\n"}
{"time":"2025-12-19T23:00:16.35187+01:00","level":"INFO","msg":"worker ready to accept requests","workerID":"a57555a1-3774-4c29-8ae3-5870d981d16d","addr":"192.168.1.131:8001"}
{"time":"2025-12-19T23:00:16.351929+01:00","level":"INFO","msg":"starting http server","addr":"192.168.1.131:8001"}
{"time":"2025-12-19T23:00:16.756256+01:00","level":"DEBUG","msg":"health check request received"}
{"time":"2025-12-19T23:00:16.756468+01:00","level":"DEBUG","msg":"health check response sent"}
{"time":"2025-12-19T23:00:17.743879+01:00","level":"DEBUG","msg":"health check request received"}
{"time":"2025-12-19T23:00:17.744112+01:00","level":"DEBUG","msg":"health check response sent"}
{"time":"2025-12-19T23:00:18.744903+01:00","level":"DEBUG","msg":"health check request received"}
{"time":"2025-12-19T23:00:18.745992+01:00","level":"DEBUG","msg":"health check response sent"}
{"time":"2025-12-19T23:00:19.204697+01:00","level":"INFO","msg":"starting worker application"}
{"time":"2025-12-19T23:00:19.204765+01:00","level":"INFO","msg":"creating new worker","port":":8001"}
{"time":"2025-12-19T23:00:19.204829+01:00","level":"INFO","msg":"worker created successfully","workerID":"459e5b20-3d88-46e3-8d77-995b43ce2152","addr":"192.168.1.131:8001"}
{"time":"2025-12-19T23:00:19.204848+01:00","level":"INFO","msg":"registering worker with manager","managerUrl":"http://localhost:8081/api/v1","workerID":"459e5b20-3d88-46e3-8d77-995b43ce2152"}
{"time":"2025-12-19T23:00:19.204861+01:00","level":"DEBUG","msg":"registration endpoint","endpoint":"http://localhost:8081/api/v1/worker"}
{"time":"2025-12-19T23:00:19.209205+01:00","level":"INFO","msg":"worker registered successfully","workerID":"459e5b20-3d88-46e3-8d77-995b43ce2152","response":"{\"status\":\"registered\",\"worker_id\":\"459e5b20-3d88-46e3-8d77-995b43ce2152\"}\n"}
{"time":"2025-12-19T23:00:19.209226+01:00","level":"INFO","msg":"worker ready to accept requests","workerID":"459e5b20-3d88-46e3-8d77-995b43ce2152","addr":"192.168.1.131:8001"}
{"time":"2025-12-19T23:00:19.209243+01:00","level":"INFO","msg":"starting http server","addr":"192.168.1.131:8001"}
{"time":"2025-12-19T23:00:19.209293+01:00","level":"ERROR","msg":"http server failed","error":"listen tcp 192.168.1.131:8001: bind: address already in use"}
{"time":"2025-12-19T23:00:19.74417+01:00","level":"DEBUG","msg":"health check request received"}
{"time":"2025-12-19T23:00:19.744517+01:00","level":"DEBUG","msg":"health check response sent"}
{"time":"2025-12-19T23:00:19.746546+01:00","level":"DEBUG","msg":"health check request received"}
{"time":"2025-12-19T23:00:19.746671+01:00","level":"DEBUG","msg":"health check response sent"}
{"time":"2025-12-19T23:00:20.747333+01:00","level":"DEBUG","msg":"health check request received"}
{"time":"2025-12-19T23:00:20.747453+01:00","level":"DEBUG","msg":"health check response sent"}
{"time":"2025-12-19T23:00:20.74893+01:00","level":"DEBUG","msg":"health check request received"}
{"time":"2025-12-19T23:00:20.748991+01:00","level":"DEBUG","msg":"health check response sent"}
{"time":"2025-12-19T23:00:21.743536+01:00","level":"DEBUG","msg":"health check request received"}
{"time":"2025-12-19T23:00:21.743884+01:00","level":"DEBUG","msg":"health check response sent"}
{"time":"2025-12-19T23:00:21.744616+01:00","level":"DEBUG","msg":"health check request received"}
{"time":"2025-12-19T23:00:21.744655+01:00","level":"DEBUG","msg":"health check response sent"}
{"time":"2025-12-19T23:00:22.744732+01:00","level":"DEBUG","msg":"health check request received"}
{"time":"2025-12-19T23:00:22.745097+01:00","level":"DEBUG","msg":"health check response sent"}
{"time":"2025-12-19T23:00:22.747795+01:00","level":"DEBUG","msg":"health check request received"}
{"time":"2025-12-19T23:00:22.747913+01:00","level":"DEBUG","msg":"health check response sent"}
{"time":"2025-12-19T23:00:23.744833+01:00","level":"DEBUG","msg":"health check request received"}
{"time":"2025-12-19T23:00:23.745038+01:00","level":"DEBUG","msg":"health check response sent"}
{"time":"2025-12-19T23:00:23.747077+01:00","level":"DEBUG","msg":"health check request received"}
{"time":"2025-12-19T23:00:23.747293+01:00","level":"DEBUG","msg":"health check response sent"}
{"time":"2025-12-19T23:00:24.745871+01:00","level":"DEBUG","msg":"health check request received"}
{"time":"2025-12-19T23:00:24.746201+01:00","level":"DEBUG","msg":"health check response sent"}
{"time":"2025-12-19T23:00:24.747806+01:00","level":"DEBUG","msg":"health check request received"}
{"time":"2025-12-19T23:00:24.747909+01:00","level":"DEBUG","msg":"health check response sent"}
{"time":"2025-12-19T23:00:25.744532+01:00","level":"DEBUG","msg":"health check request received"}
{"time":"2025-12-19T23:00:25.744742+01:00","level":"DEBUG","msg":"health check response sent"}
{"time":"2025-12-19T23:00:25.746285+01:00","level":"DEBUG","msg":"health check request received"}
{"time":"2025-12-19T23:00:25.746756+01:00","level":"DEBUG","msg":"health check response sent"}
{"time":"2025-12-19T23:00:26.747158+01:00","level":"DEBUG","msg":"health check request received"}
{"time":"2025-12-19T23:00:26.747399+01:00","level":"DEBUG","msg":"health check response sent"}
{"time":"2025-12-19T23:00:26.748939+01:00","level":"DEBUG","msg":"health check request received"}
{"time":"2025-12-19T23:00:26.749104+01:00","level":"DEBUG","msg":"health check response sent"}
{"time":"2025-12-19T23:03:58.260445+01:00","level":"INFO","msg":"starting worker application"}
{"time":"2025-12-19T23:03:58.261065+01:00","level":"INFO","msg":"creating new worker","port":":8200"}
{"time":"2025-12-19T23:03:58.261157+01:00","level":"INFO","msg":"worker created successfully","workerID":"004a5302-9d05-4510-91f4-e4dbe087b8d4","addr":"192.168.1.131:8200"}
{"time":"2025-12-19T23:03:58.261194+01:00","level":"INFO","msg":"registering worker with manager","managerUrl":"http://localhost:8081/api/v1","workerID":"004a5302-9d05-4510-91f4-e4dbe087b8d4"}
{"time":"2025-12-19T23:03:58.261198+01:00","level":"DEBUG","msg":"registration endpoint","endpoint":"http://localhost:8081/api/v1/worker"}
{"time":"2025-12-19T23:03:58.271364+01:00","level":"INFO","msg":"worker registered successfully","workerID":"004a5302-9d05-4510-91f4-e4dbe087b8d4","response":"{\"status\":\"registered\",\"worker_id\":\"004a5302-9d05-4510-91f4-e4dbe087b8d4\"}\n"}
{"time":"2025-12-19T23:03:58.271396+01:00","level":"INFO","msg":"worker ready to accept requests","workerID":"004a5302-9d05-4510-91f4-e4dbe087b8d4","addr":"192.168.1.131:8200"}
{"time":"2025-12-19T23:03:58.271495+01:00","level":"INFO","msg":"starting http server","addr":"192.168.1.131:8200"}
{"time":"2025-12-19T23:03:58.75385+01:00","level":"DEBUG","msg":"health check request received"}
{"time":"2025-12-19T23:03:58.753994+01:00","level":"DEBUG","msg":"health check response sent"}
{"time":"2025-12-19T23:03:59.750729+01:00","level":"DEBUG","msg":"health check request received"}
{"time":"2025-12-19T23:03:59.750858+01:00","level":"DEBUG","msg":"health check response sent"}
{"time":"2025-12-19T23:04:00.754113+01:00","level":"DEBUG","msg":"health check request received"}
{"time":"2025-12-19T23:04:00.754254+01:00","level":"DEBUG","msg":"health check response sent"}
{"time":"2025-12-19T23:04:01.749681+01:00","level":"DEBUG","msg":"health check request received"}
{"time":"2025-12-19T23:04:01.749943+01:00","level":"DEBUG","msg":"health check response sent"}
{"time":"2025-12-19T23:04:02.249768+01:00","level":"INFO","msg":"starting worker application"}
{"time":"2025-12-19T23:04:02.250166+01:00","level":"INFO","msg":"creating new worker","port":":8731"}
{"time":"2025-12-19T23:04:02.250374+01:00","level":"INFO","msg":"worker created successfully","workerID":"8a674184-6f1a-4ded-8cbb-d498eb896e74","addr":"192.168.1.131:8731"}
{"time":"2025-12-19T23:04:02.250458+01:00","level":"INFO","msg":"registering worker with manager","managerUrl":"http://localhost:8081/api/v1","workerID":"8a674184-6f1a-4ded-8cbb-d498eb896e74"}
{"time":"2025-12-19T23:04:02.250471+01:00","level":"DEBUG","msg":"registration endpoint","endpoint":"http://localhost:8081/api/v1/worker"}
{"time":"2025-12-19T23:04:02.257833+01:00","level":"INFO","msg":"worker registered successfully","workerID":"8a674184-6f1a-4ded-8cbb-d498eb896e74","response":"{\"status\":\"registered\",\"worker_id\":\"8a674184-6f1a-4ded-8cbb-d498eb896e74\"}\n"}
{"time":"2025-12-19T23:04:02.257859+01:00","level":"INFO","msg":"worker ready to accept requests","workerID":"8a674184-6f1a-4ded-8cbb-d498eb896e74","addr":"192.168.1.131:8731"}
{"time":"2025-12-19T23:04:02.257956+01:00","level":"INFO","msg":"starting http server","addr":"192.168.1.131:8731"}
{"time":"2025-12-19T23:04:02.752772+01:00","level":"DEBUG","msg":"health check request received"}
{"time":"2025-12-19T23:04:02.752865+01:00","level":"DEBUG","msg":"health check response sent"}
{"time":"2025-12-19T23:04:02.7572+01:00","level":"DEBUG","msg":"health check request received"}
{"time":"2025-12-19T23:04:02.757371+01:00","level":"DEBUG","msg":"health check response sent"}
{"time":"2025-12-19T23:04:03.743519+01:00","level":"DEBUG","msg":"health check request received"}
{"time":"2025-12-19T23:04:03.743583+01:00","level":"DEBUG","msg":"health check response sent"}
{"time":"2025-12-19T23:04:03.744003+01:00","level":"DEBUG","msg":"health check request received"}
{"time":"2025-12-19T23:04:03.744047+01:00","level":"DEBUG","msg":"health check response sent"}
{"time":"2025-12-19T23:04:04.749143+01:00","level":"DEBUG","msg":"health check request received"}
{"time":"2025-12-19T23:04:04.749181+01:00","level":"DEBUG","msg":"health check response sent"}
{"time":"2025-12-19T23:04:04.750023+01:00","level":"DEBUG","msg":"health check request received"}
{"time":"2025-12-19T23:04:04.750048+01:00","level":"DEBUG","msg":"health check response sent"}
{"time":"2025-12-19T23:04:05.751789+01:00","level":"DEBUG","msg":"health check request received"}
{"time":"2025-12-19T23:04:05.751867+01:00","level":"DEBUG","msg":"health check response sent"}
{"time":"2025-12-19T23:04:05.753565+01:00","level":"DEBUG","msg":"health check request received"}
{"time":"2025-12-19T23:04:05.753642+01:00","level":"DEBUG","msg":"health check response sent"}
{"time":"2025-12-19T23:04:06.751631+01:00","level":"DEBUG","msg":"health check request received"}
{"time":"2025-12-19T23:04:06.751726+01:00","level":"DEBUG","msg":"health check response sent"}
{"time":"2025-12-19T23:04:06.752643+01:00","level":"DEBUG","msg":"health check request received"}
{"time":"2025-12-19T23:04:06.752758+01:00","level":"DEBUG","msg":"health check response sent"}
{"time":"2025-12-19T23:04:07.752253+01:00","level":"DEBUG","msg":"health check request received"}
{"time":"2025-12-19T23:04:07.752662+01:00","level":"DEBUG","msg":"health check response sent"}
{"time":"2025-12-19T23:04:07.753424+01:00","level":"DEBUG","msg":"health check request received"}
{"time":"2025-12-19T23:04:07.753519+01:00","level":"DEBUG","msg":"health check response sent"}
{"time":"2025-12-19T23:04:08.753565+01:00","level":"DEBUG","msg":"health check request received"}
{"time":"2025-12-19T23:04:08.753664+01:00","level":"DEBUG","msg":"health check response sent"}
{"time":"2025-12-19T23:04:08.754669+01:00","level":"DEBUG","msg":"health check request received"}
{"time":"2025-12-19T23:04:08.754764+01:00","level":"DEBUG","msg":"health check response sent"}
{"time":"2025-12-19T23:04:09.748139+01:00","level":"DEBUG","msg":"health check request received"}
{"time":"2025-12-19T23:04:09.748199+01:00","level":"DEBUG","msg":"health check response sent"}
{"time":"2025-12-19T23:04:09.748997+01:00","level":"DEBUG","msg":"health check request received"}
{"time":"2025-12-19T23:04:09.749064+01:00","level":"DEBUG","msg":"health check response sent"}
{"time":"2025-12-19T23:04:10.751002+01:00","level":"DEBUG","msg":"health check request received"}
{"time":"2025-12-19T23:04:10.751097+01:00","level":"DEBUG","msg":"health check response sent"}
{"time":"2025-12-19T23:04:10.752066+01:00","level":"DEBUG","msg":"health check request received"}
{"time":"2025-12-19T23:04:10.752151+01:00","level":"DEBUG","msg":"health check response sent"}
{"time":"2025-12-19T23:04:11.441851+01:00","level":"INFO","msg":"starting worker application"}
{"time":"2025-12-19T23:04:11.441952+01:00","level":"INFO","msg":"creating new worker","port":":8247"}
{"time":"2025-12-19T23:04:11.442013+01:00","level":"INFO","msg":"worker created successfully","workerID":"326a6252-313e-4bc4-9069-4ebea9e5c2a8","addr":"192.168.1.131:8247"}
{"time":"2025-12-19T23:04:11.442031+01:00","level":"INFO","msg":"registering worker with manager","managerUrl":"http://localhost:8081/api/v1","workerID":"326a6252-313e-4bc4-9069-4ebea9e5c2a8"}
{"time":"2025-12-19T23:04:11.442036+01:00","level":"DEBUG","msg":"registration endpoint","endpoint":"http://localhost:8081/api/v1/worker"}
{"time":"2025-12-19T23:04:11.446757+01:00","level":"INFO","msg":"worker registered successfully","workerID":"326a6252-313e-4bc4-9069-4ebea9e5c2a8","response":"{\"status\":\"registered\",\"worker_id\":\"326a6252-313e-4bc4-9069-4ebea9e5c2a8\"}\n"}
{"time":"2025-12-19T23:04:11.446781+01:00","level":"INFO","msg":"worker ready to accept requests","workerID":"326a6252-313e-4bc4-9069-4ebea9e5c2a8","addr":"192.168.1.131:8247"}
{"time":"2025-12-19T23:04:11.446801+01:00","level":"INFO","msg":"starting http server","addr":"192.168.1.131:8247"}
{"time":"2025-12-19T23:04:11.747396+01:00","level":"DEBUG","msg":"health check request received"}
{"time":"2025-12-19T23:04:11.747513+01:00","level":"DEBUG","msg":"health check response sent"}
{"time":"2025-12-19T23:04:11.749214+01:00","level":"DEBUG","msg":"health check request received"}
{"time":"2025-12-19T23:04:11.749363+01:00","level":"DEBUG","msg":"health check response sent"}
{"time":"2025-12-19T23:04:11.753375+01:00","level":"DEBUG","msg":"health check request received"}
{"time":"2025-12-19T23:04:11.753464+01:00","level":"DEBUG","msg":"health check response sent"}
{"time":"2025-12-19T23:04:12.74571+01:00","level":"DEBUG","msg":"health check request received"}
{"time":"2025-12-19T23:04:12.745902+01:00","level":"DEBUG","msg":"health check response sent"}
{"time":"2025-12-19T23:04:12.748206+01:00","level":"DEBUG","msg":"health check request received"}
{"time":"2025-12-19T23:04:12.748518+01:00","level":"DEBUG","msg":"health check response sent"}
{"time":"2025-12-19T23:04:12.769176+01:00","level":"DEBUG","msg":"health check request received"}
{"time":"2025-12-19T23:04:12.76928+01:00","level":"DEBUG","msg":"health check response sent"}
{"time":"2025-12-19T23:04:13.748813+01:00","level":"DEBUG","msg":"health check request received"}
{"time":"2025-12-19T23:04:13.748981+01:00","level":"DEBUG","msg":"health check response sent"}
{"time":"2025-12-19T23:04:13.750656+01:00","level":"DEBUG","msg":"health check request received"}
{"time":"2025-12-19T23:04:13.750779+01:00","level":"DEBUG","msg":"health check response sent"}
{"time":"2025-12-19T23:04:13.751874+01:00","level":"DEBUG","msg":"health check request received"}
{"time":"2025-12-19T23:04:13.75194+01:00","level":"DEBUG","msg":"health check response sent"}
{"time":"2025-12-19T23:04:14.743359+01:00","level":"DEBUG","msg":"health check request received"}
{"time":"2025-12-19T23:04:14.743665+01:00","level":"DEBUG","msg":"health check response sent"}
{"time":"2025-12-19T23:04:14.744055+01:00","level":"DEBUG","msg":"health check request received"}
{"time":"2025-12-19T23:04:14.7441+01:00","level":"DEBUG","msg":"health check response sent"}
{"time":"2025-12-19T23:04:14.74442+01:00","level":"DEBUG","msg":"health check request received"}
{"time":"2025-12-19T23:04:14.744448+01:00","level":"DEBUG","msg":"health check response sent"}
{"time":"2025-12-19T23:04:15.753526+01:00","level":"DEBUG","msg":"health check request received"}
{"time":"2025-12-19T23:04:15.753642+01:00","level":"DEBUG","msg":"health check response sent"}
{"time":"2025-12-19T23:04:15.754591+01:00","level":"DEBUG","msg":"health check request received"}
{"time":"2025-12-19T23:04:15.754711+01:00","level":"DEBUG","msg":"health check response sent"}
{"time":"2025-12-19T23:04:15.755915+01:00","level":"DEBUG","msg":"health check request received"}
{"time":"2025-12-19T23:04:15.756015+01:00","level":"DEBUG","msg":"health check response sent"}
{"time":"2025-12-19T23:04:16.749139+01:00","level":"DEBUG","msg":"health check request received"}
{"time":"2025-12-19T23:04:16.749332+01:00","level":"DEBUG","msg":"health check response sent"}
{"time":"2025-12-19T23:04:16.750335+01:00","level":"DEBUG","msg":"health check request received"}
{"time":"2025-12-19T23:04:16.750419+01:00","level":"DEBUG","msg":"health check response sent"}
{"time":"2025-12-19T23:04:16.751134+01:00","level":"DEBUG","msg":"health check request received"}
{"time":"2025-12-19T23:04:16.751223+01:00","level":"DEBUG","msg":"health check response sent"}
{"time":"2025-12-19T23:04:17.745245+01:00","level":"DEBUG","msg":"health check request received"}
{"time":"2025-12-19T23:04:17.745461+01:00","level":"DEBUG","msg":"health check response sent"}
{"time":"2025-12-19T23:04:17.74699+01:00","level":"DEBUG","msg":"health check request received"}
{"time":"2025-12-19T23:04:17.747134+01:00","level":"DEBUG","msg":"health check response sent"}
{"time":"2025-12-19T23:04:17.748992+01:00","level":"DEBUG","msg":"health check request received"}
{"time":"2025-12-19T23:04:17.749133+01:00","level":"DEBUG","msg":"health check response sent"}
{"time":"2025-12-19T23:04:18.743395+01:00","level":"DEBUG","msg":"health check request received"}
{"time":"2025-12-19T23:04:18.743581+01:00","level":"DEBUG","msg":"health check response sent"}
{"time":"2025-12-19T23:04:18.746371+01:00","level":"DEBUG","msg":"health check request received"}
{"time":"2025-12-19T23:04:18.746535+01:00","level":"DEBUG","msg":"health check response sent"}
{"time":"2025-12-19T23:04:18.749405+01:00","level":"DEBUG","msg":"health check request received"}
{"time":"2025-12-19T23:04:18.749499+01:00","level":"DEBUG","msg":"health check response sent"}
{"time":"2025-12-19T23:04:19.747555+01:00","level":"DEBUG","msg":"health check request received"}
{"time":"2025-12-19T23:04:19.747642+01:00","level":"DEBUG","msg":"health check response sent"}
{"time":"2025-12-19T23:04:19.748608+01:00","level":"DEBUG","msg":"health check request received"}
{"time":"2025-12-19T23:04:19.748691+01:00","level":"DEBUG","msg":"health check response sent"}
{"time":"2025-12-19T23:04:19.751096+01:00","level":"DEBUG","msg":"health check request received"}
{"time":"2025-12-19T23:04:19.751211+01:00","level":"DEBUG","msg":"health check response sent"}
{"time":"2025-12-19T23:04:20.745262+01:00","level":"DEBUG","msg":"health check request received"}
{"time":"2025-12-19T23:04:20.745609+01:00","level":"DEBUG","msg":"health check response sent"}
{"time":"2025-12-19T23:04:20.753287+01:00","level":"DEBUG","msg":"health check request received"}
{"time":"2025-12-19T23:04:20.753459+01:00","level":"DEBUG","msg":"health check response sent"}
{"time":"2025-12-19T23:04:20.75448+01:00","level":"DEBUG","msg":"health check request received"}
{"time":"2025-12-19T23:04:20.754578+01:00","level":"DEBUG","msg":"health check response sent"}
{"time":"2025-12-19T23:04:21.743171+01:00","level":"DEBUG","msg":"health check request received"}
{"time":"2025-12-19T23:04:21.743374+01:00","level":"DEBUG","msg":"health check response sent"}
{"time":"2025-12-19T23:04:21.744303+01:00","level":"DEBUG","msg":"health check request received"}
{"time":"2025-12-19T23:04:21.744384+01:00","level":"DEBUG","msg":"health check response sent"}
{"time":"2025-12-19T23:04:21.745954+01:00","level":"DEBUG","msg":"health check request received"}
{"time":"2025-12-19T23:04:21.746044+01:00","level":"DEBUG","msg":"health check response sent"}
{"time":"2025-12-19T23:04:22.744123+01:00","level":"DEBUG","msg":"health check request received"}
{"time":"2025-12-19T23:04:22.744302+01:00","level":"DEBUG","msg":"health check response sent"}
{"time":"2025-12-19T23:04:22.751566+01:00","level":"DEBUG","msg":"health check request received"}
{"time":"2025-12-19T23:04:22.751656+01:00","level":"DEBUG","msg":"health check response sent"}
{"time":"2025-12-19T23:04:22.752579+01:00","level":"DEBUG","msg":"health check request received"}
{"time":"2025-12-19T23:04:22.75268+01:00","level":"DEBUG","msg":"health check response sent"}
{"time":"2025-12-19T23:04:23.745027+01:00","level":"DEBUG","msg":"health check request received"}
{"time":"2025-12-19T23:04:23.745207+01:00","level":"DEBUG","msg":"health check response sent"}
{"time":"2025-12-19T23:04:23.747094+01:00","level":"DEBUG","msg":"health check request received"}
{"time":"2025-12-19T23:04:23.747229+01:00","level":"DEBUG","msg":"health check response sent"}
{"time":"2025-12-19T23:04:23.752848+01:00","level":"DEBUG","msg":"health check request received"}
{"time":"2025-12-19T23:04:23.753079+01:00","level":"DEBUG","msg":"health check response sent"}
{"time":"2025-12-19T23:04:24.748715+01:00","level":"DEBUG","msg":"health check request received"}
{"time":"2025-12-19T23:04:24.748826+01:00","level":"DEBUG","msg":"health check response sent"}
{"time":"2025-12-19T23:04:24.749706+01:00","level":"DEBUG","msg":"health check request received"}
{"time":"2025-12-19T23:04:24.749794+01:00","level":"DEBUG","msg":"health check response sent"}
{"time":"2025-12-19T23:04:24.751051+01:00","level":"DEBUG","msg":"health check request received"}
{"time":"2025-12-19T23:04:24.751124+01:00","level":"DEBUG","msg":"health check response sent"}
{"time":"2025-12-19T23:04:25.741337+01:00","level":"DEBUG","msg":"health check request received"}
{"time":"2025-12-19T23:04:25.741416+01:00","level":"DEBUG","msg":"health check response sent"}
{"time":"2025-12-19T23:04:25.741969+01:00","level":"DEBUG","msg":"health check request received"}
{"time":"2025-12-19T23:04:25.742023+01:00","level":"DEBUG","msg":"health check response sent"}
{"time":"2025-12-19T23:04:25.742432+01:00","level":"DEBUG","msg":"health check request received"}
{"time":"2025-12-19T23:04:25.74246+01:00","level":"DEBUG","msg":"health check response sent"}
{"time":"2025-12-19T23:04:26.748939+01:00","level":"DEBUG","msg":"health check request received"}
{"time":"2025-12-19T23:04:26.749747+01:00","level":"DEBUG","msg":"health check response sent"}
{"time":"2025-12-19T23:04:26.751493+01:00","level":"DEBUG","msg":"health check request received"}
{"time":"2025-12-19T23:04:26.751615+01:00","level":"DEBUG","msg":"health check response sent"}
{"time":"2025-12-19T23:04:26.752782+01:00","level":"DEBUG","msg":"health check request received"}
{"time":"2025-12-19T23:04:26.752917+01:00","level":"DEBUG","msg":"health check response sent"}
{"time":"2025-12-19T23:04:27.753857+01:00","level":"DEBUG","msg":"health check request received"}
{"time":"2025-12-19T23:04:27.753972+01:00","level":"DEBUG","msg":"health check response sent"}
{"time":"2025-12-19T23:04:27.755023+01:00","level":"DEBUG","msg":"health check request received"}
{"time":"2025-12-19T23:04:27.755136+01:00","level":"DEBUG","msg":"health check response sent"}
{"time":"2025-12-19T23:04:27.757123+01:00","level":"DEBUG","msg":"health check request received"}
{"time":"2025-12-19T23:04:27.757233+01:00","level":"DEBUG","msg":"health check response sent"}
{"time":"2025-12-19T23:04:28.743563+01:00","level":"DEBUG","msg":"health check request received"}
{"time":"2025-12-19T23:04:28.743612+01:00","level":"DEBUG","msg":"health check response sent"}
{"time":"2025-12-19T23:04:28.744636+01:00","level":"DEBUG","msg":"health check request received"}
{"time":"2025-12-19T23:04:28.744666+01:00","level":"DEBUG","msg":"health check response sent"}
{"time":"2025-12-19T23:04:28.745473+01:00","level":"DEBUG","msg":"health check request received"}
{"time":"2025-12-19T23:04:28.745489+01:00","level":"DEBUG","msg":"health check response sent"}
{"time":"2025-12-19T23:04:29.752405+01:00","level":"DEBUG","msg":"health check request received"}
{"time":"2025-12-19T23:04:29.752495+01:00","level":"DEBUG","msg":"health check response sent"}
{"time":"2025-12-19T23:04:29.75338+01:00","level":"DEBUG","msg":"health check request received"}
{"time":"2025-12-19T23:04:29.753478+01:00","level":"DEBUG","msg":"health check response sent"}
{"time":"2025-12-19T23:04:29.754815+01:00","level":"DEBUG","msg":"health check request received"}
{"time":"2025-12-19T23:04:29.7549+01:00","level":"DEBUG","msg":"health check response sent"}
{"time":"2025-12-19T23:04:30.747362+01:00","level":"DEBUG","msg":"health check request received"}
{"time":"2025-12-19T23:04:30.747516+01:00","level":"DEBUG","msg":"health check response sent"}
{"time":"2025-12-19T23:04:30.749915+01:00","level":"DEBUG","msg":"health check request received"}
{"time":"2025-12-19T23:04:30.750451+01:00","level":"DEBUG","msg":"health check response sent"}
{"time":"2025-12-19T23:04:30.761779+01:00","level":"DEBUG","msg":"health check request received"}
{"time":"2025-12-19T23:04:30.761846+01:00","level":"DEBUG","msg":"health check response sent"}
{"time":"2025-12-19T23:04:31.745237+01:00","level":"DEBUG","msg":"health check request received"}
{"time":"2025-12-19T23:04:31.745409+01:00","level":"DEBUG","msg":"health check response sent"}
{"time":"2025-12-19T23:04:31.748815+01:00","level":"DEBUG","msg":"health check request received"}
{"time":"2025-12-19T23:04:31.748969+01:00","level":"DEBUG","msg":"health check response sent"}
{"time":"2025-12-19T23:04:31.750083+01:00","level":"DEBUG","msg":"health check request received"}
{"time":"2025-12-19T23:04:31.75017+01:00","level":"DEBUG","msg":"health check response sent"}
{"time":"2025-12-19T23:04:32.747794+01:00","level":"DEBUG","msg":"health check request received"}
{"time":"2025-12-19T23:04:32.748248+01:00","level":"DEBUG","msg":"health check response sent"}
{"time":"2025-12-19T23:04:32.749486+01:00","level":"DEBUG","msg":"health check request received"}
{"time":"2025-12-19T23:04:32.749607+01:00","level":"DEBUG","msg":"health check response sent"}
{"time":"2025-12-19T23:04:32.750413+01:00","level":"DEBUG","msg":"health check request received"}
{"time":"2025-12-19T23:04:32.750517+01:00","level":"DEBUG","msg":"health check response sent"}
{"time":"2025-12-19T23:04:33.748739+01:00","level":"DEBUG","msg":"health check request received"}
{"time":"2025-12-19T23:04:33.748862+01:00","level":"DEBUG","msg":"health check response sent"}
{"time":"2025-12-19T23:04:33.750412+01:00","level":"DEBUG","msg":"health check request received"}
{"time":"2025-12-19T23:04:33.750527+01:00","level":"DEBUG","msg":"health check response sent"}
{"time":"2025-12-19T23:04:33.751341+01:00","level":"DEBUG","msg":"health check request received"}
{"time":"2025-12-19T23:04:33.751414+01:00","level":"DEBUG","msg":"health check response sent"}
{"time":"2025-12-19T23:04:34.752932+01:00","level":"DEBUG","msg":"health check request received"}
{"time":"2025-12-19T23:04:34.753044+01:00","level":"DEBUG","msg":"health check response sent"}
{"time":"2025-12-19T23:04:34.753876+01:00","level":"DEBUG","msg":"health check request received"}
{"time":"2025-12-19T23:04:34.753953+01:00","level":"DEBUG","msg":"health check response sent"}
{"time":"2025-12-19T23:04:34.756141+01:00","level":"DEBUG","msg":"health check request received"}
{"time":"2025-12-19T23:04:34.756234+01:00","level":"DEBUG","msg":"health check response sent"}
{"time":"2025-12-19T23:04:35.753635+01:00","level":"DEBUG","msg":"health check request received"}
{"time":"2025-12-19T23:04:35.753723+01:00","level":"DEBUG","msg":"health check response sent"}
{"time":"2025-12-19T23:04:35.754626+01:00","level":"DEBUG","msg":"health check request received"}
{"time":"2025-12-19T23:04:35.754721+01:00","level":"DEBUG","msg":"health check response sent"}
{"time":"2025-12-19T23:04:35.755628+01:00","level":"DEBUG","msg":"health check request received"}
{"time":"2025-12-19T23:04:35.755711+01:00","level":"DEBUG","msg":"health check response sent"}
{"time":"2025-12-19T23:04:36.742844+01:00","level":"DEBUG","msg":"health check request received"}
{"time":"2025-12-19T23:04:36.742963+01:00","level":"DEBUG","msg":"health check response sent"}
{"time":"2025-12-19T23:04:36.743453+01:00","level":"DEBUG","msg":"health check request received"}
{"time":"2025-12-19T23:04:36.743492+01:00","level":"DEBUG","msg":"health check response sent"}
{"time":"2025-12-19T23:04:36.745651+01:00","level":"DEBUG","msg":"health check request received"}
{"time":"2025-12-19T23:04:36.747095+01:00","level":"DEBUG","msg":"health check response sent"}
{"time":"2025-12-19T23:04:37.746613+01:00","level":"DEBUG","msg":"health check request received"}
{"time":"2025-12-19T23:04:37.746837+01:00","level":"DEBUG","msg":"health check response sent"}
{"time":"2025-12-19T23:04:37.755986+01:00","level":"DEBUG","msg":"health check request received"}
{"time":"2025-12-19T23:04:37.75606+01:00","level":"DEBUG","msg":"health check response sent"}
{"time":"2025-12-19T23:04:37.756984+01:00","level":"DEBUG","msg":"health check request received"}
{"time":"2025-12-19T23:04:37.757076+01:00","level":"DEBUG","msg":"health check response sent"}
{"time":"2025-12-19T23:04:38.742599+01:00","level":"DEBUG","msg":"health check request received"}
{"time":"2025-12-19T23:04:38.74278+01:00","level":"DEBUG","msg":"health check response sent"}
{"time":"2025-12-19T23:04:38.74417+01:00","level":"DEBUG","msg":"health check request received"}
{"time":"2025-12-19T23:04:38.744283+01:00","level":"DEBUG","msg":"health check response sent"}
{"time":"2025-12-19T23:04:38.75295+01:00","level":"DEBUG","msg":"health check request received"}
{"time":"2025-12-19T23:04:38.753005+01:00","level":"DEBUG","msg":"health check response sent"}
{"time":"2025-12-19T23:04:39.748965+01:00","level":"DEBUG","msg":"health check request received"}
{"time":"2025-12-19T23:04:39.749927+01:00","level":"DEBUG","msg":"health check response sent"}
{"time":"2025-12-19T23:04:39.751213+01:00","level":"DEBUG","msg":"health check request received"}
{"time":"2025-12-19T23:04:39.751286+01:00","level":"DEBUG","msg":"health check response sent"}
{"time":"2025-12-19T23:04:39.757459+01:00","level":"DEBUG","msg":"health check request received"}
{"time":"2025-12-19T23:04:39.757628+01:00","level":"DEBUG","msg":"health check response sent"}
{"time":"2025-12-19T23:04:40.747411+01:00","level":"DEBUG","msg":"health check request received"}
{"time":"2025-12-19T23:04:40.747776+01:00","level":"DEBUG","msg":"health check response sent"}
{"time":"2025-12-19T23:04:40.749642+01:00","level":"DEBUG","msg":"health check request received"}
{"time":"2025-12-19T23:04:40.749749+01:00","level":"DEBUG","msg":"health check response sent"}
{"time":"2025-12-19T23:04:40.75791+01:00","level":"DEBUG","msg":"health check request received"}
{"time":"2025-12-19T23:04:40.757994+01:00","level":"DEBUG","msg":"health check response sent"}
{"time":"2025-12-19T23:04:41.748924+01:00","level":"DEBUG","msg":"health check request received"}
{"time":"2025-12-19T23:04:41.749012+01:00","level":"DEBUG","msg":"health check response sent"}
{"time":"2025-12-19T23:04:41.750023+01:00","level":"DEBUG","msg":"health check request received"}
{"time":"2025-12-19T23:04:41.750111+01:00","level":"DEBUG","msg":"health check response sent"}
{"time":"2025-12-19T23:04:41.750929+01:00","level":"DEBUG","msg":"health check request received"}
{"time":"2025-12-19T23:04:41.751052+01:00","level":"DEBUG","msg":"health check response sent"}
{"time":"2025-12-19T23:04:42.750696+01:00","level":"DEBUG","msg":"health check request received"}
{"time":"2025-12-19T23:04:42.750801+01:00","level":"DEBUG","msg":"health check response sent"}
{"time":"2025-12-19T23:04:42.751765+01:00","level":"DEBUG","msg":"health check request received"}
{"time":"2025-12-19T23:04:42.751862+01:00","level":"DEBUG","msg":"health check response sent"}
{"time":"2025-12-19T23:04:42.753027+01:00","level":"DEBUG","msg":"health check request received"}
{"time":"2025-12-19T23:04:42.753102+01:00","level":"DEBUG","msg":"health check response sent"}
{"time":"2025-12-19T23:04:43.750931+01:00","level":"DEBUG","msg":"health check request received"}
{"time":"2025-12-19T23:04:43.751016+01:00","level":"DEBUG","msg":"health check response sent"}
{"time":"2025-12-19T23:04:43.751831+01:00","level":"DEBUG","msg":"health check request received"}
{"time":"2025-12-19T23:04:43.751913+01:00","level":"DEBUG","msg":"health check response sent"}
{"time":"2025-12-19T23:04:43.75258+01:00","level":"DEBUG","msg":"health check request received"}
{"time":"2025-12-19T23:04:43.752633+01:00","level":"DEBUG","msg":"health check response sent"}
{"time":"2025-12-19T23:04:44.749734+01:00","level":"DEBUG","msg":"health check request received"}
{"time":"2025-12-19T23:04:44.749816+01:00","level":"DEBUG","msg":"health check response sent"}
{"time":"2025-12-19T23:04:44.750628+01:00","level":"DEBUG","msg":"health check request received"}
{"time":"2025-12-19T23:04:44.750712+01:00","level":"DEBUG","msg":"health check response sent"}
{"time":"2025-12-19T23:04:44.751497+01:00","level":"DEBUG","msg":"health check request received"}
{"time":"2025-12-19T23:04:44.751566+01:00","level":"DEBUG","msg":"health check response sent"}
{"time":"2025-12-19T23:04:45.743727+01:00","level":"DEBUG","msg":"health check request received"}
{"time":"2025-12-19T23:04:45.743894+01:00","level":"DEBUG","msg":"health check response sent"}
{"time":"2025-12-19T23:04:45.751891+01:00","level":"DEBUG","msg":"health check request received"}
{"time":"2025-12-19T23:04:45.752019+01:00","level":"DEBUG","msg":"health check response sent"}
{"time":"2025-12-19T23:04:45.753015+01:00","level":"DEBUG","msg":"health check request received"}
{"time":"2025-12-19T23:04:45.753119+01:00","level":"DEBUG","msg":"health check response sent"}
{"time":"2025-12-19T23:04:46.752069+01:00","level":"DEBUG","msg":"health check request received"}
{"time":"2025-12-19T23:04:46.753097+01:00","level":"DEBUG","msg":"health check response sent"}
{"time":"2025-12-19T23:04:46.754007+01:00","level":"DEBUG","msg":"health check request received"}
{"time":"2025-12-19T23:04:46.754111+01:00","level":"DEBUG","msg":"health check response sent"}
{"time":"2025-12-19T23:04:46.754912+01:00","level":"DEBUG","msg":"health check request received"}
{"time":"2025-12-19T23:04:46.754998+01:00","level":"DEBUG","msg":"health check response sent"}
{"time":"2025-12-19T23:04:47.741277+01:00","level":"DEBUG","msg":"health check request received"}
{"time":"2025-12-19T23:04:47.741343+01:00","level":"DEBUG","msg":"health check response sent"}
{"time":"2025-12-19T23:04:47.74184+01:00","level":"DEBUG","msg":"health check request received"}
{"time":"2025-12-19T23:04:47.741885+01:00","level":"DEBUG","msg":"health check response sent"}
{"time":"2025-12-19T23:04:47.74216+01:00","level":"DEBUG","msg":"health check request received"}
{"time":"2025-12-19T23:04:47.742187+01:00","level":"DEBUG","msg":"health check response sent"}
{"time":"2025-12-19T23:04:48.74763+01:00","level":"DEBUG","msg":"health check request received"}
{"time":"2025-12-19T23:04:48.747733+01:00","level":"DEBUG","msg":"health check response sent"}
{"time":"2025-12-19T23:04:48.749089+01:00","level":"DEBUG","msg":"health check request received"}
{"time":"2025-12-19T23:04:48.749187+01:00","level":"DEBUG","msg":"health check response sent"}
{"time":"2025-12-19T23:04:48.749957+01:00","level":"DEBUG","msg":"health check request received"}
{"time":"2025-12-19T23:04:48.750022+01:00","level":"DEBUG","msg":"health check response sent"}
{"time":"2025-12-19T23:04:49.748066+01:00","level":"DEBUG","msg":"health check request received"}
{"time":"2025-12-19T23:04:49.748191+01:00","level":"DEBUG","msg":"health check response sent"}
{"time":"2025-12-19T23:04:49.749188+01:00","level":"DEBUG","msg":"health check request received"}
{"time":"2025-12-19T23:04:49.749259+01:00","level":"DEBUG","msg":"health check response sent"}
{"time":"2025-12-19T23:04:49.754063+01:00","level":"DEBUG","msg":"health check request received"}
{"time":"2025-12-19T23:04:49.754154+01:00","level":"DEBUG","msg":"health check response sent"}
{"time":"2025-12-19T23:04:50.749777+01:00","level":"DEBUG","msg":"health check request received"}
{"time":"2025-12-19T23:04:50.749904+01:00","level":"DEBUG","msg":"health check response sent"}
{"time":"2025-12-19T23:04:50.751373+01:00","level":"DEBUG","msg":"health check request received"}
{"time":"2025-12-19T23:04:50.751489+01:00","level":"DEBUG","msg":"health check response sent"}
{"time":"2025-12-19T23:04:50.752297+01:00","level":"DEBUG","msg":"health check request received"}
{"time":"2025-12-19T23:04:50.752377+01:00","level":"DEBUG","msg":"health check response sent"}
{"time":"2025-12-19T23:04:51.741558+01:00","level":"DEBUG","msg":"health check request received"}
{"time":"2025-12-19T23:04:51.741684+01:00","level":"DEBUG","msg":"health check response sent"}
{"time":"2025-12-19T23:04:51.742859+01:00","level":"DEBUG","msg":"health check request received"}
{"time":"2025-12-19T23:04:51.742958+01:00","level":"DEBUG","msg":"health check response sent"}
{"time":"2025-12-19T23:04:51.743858+01:00","level":"DEBUG","msg":"health check request received"}
{"time":"2025-12-19T23:04:51.743938+01:00","level":"DEBUG","msg":"health check response sent"}
{"time":"2025-12-19T23:04:52.751548+01:00","level":"DEBUG","msg":"health check request received"}
{"time":"2025-12-19T23:04:52.752085+01:00","level":"DEBUG","msg":"health check response sent"}
{"time":"2025-12-19T23:04:52.752908+01:00","level":"DEBUG","msg":"health check request received"}
{"time":"2025-12-19T23:04:52.753016+01:00","level":"DEBUG","msg":"health check response sent"}
{"time":"2025-12-19T23:04:52.753833+01:00","level":"DEBUG","msg":"health check request received"}
{"time":"2025-12-19T23:04:52.753916+01:00","level":"DEBUG","msg":"health check response sent"}
{"time":"2025-12-19T23:04:53.750369+01:00","level":"DEBUG","msg":"health check request received"}
{"time":"2025-12-19T23:04:53.750487+01:00","level":"DEBUG","msg":"health check response sent"}
{"time":"2025-12-19T23:04:53.75138+01:00","level":"DEBUG","msg":"health check request received"}
{"time":"2025-12-19T23:04:53.751483+01:00","level":"DEBUG","msg":"health check response sent"}
{"time":"2025-12-19T23:04:53.752166+01:00","level":"DEBUG","msg":"health check request received"}
{"time":"2025-12-19T23:04:53.752263+01:00","level":"DEBUG","msg":"health check response sent"}
{"time":"2025-12-19T23:04:54.753311+01:00","level":"DEBUG","msg":"health check request received"}
{"time":"2025-12-19T23:04:54.75338+01:00","level":"DEBUG","msg":"health check response sent"}
{"time":"2025-12-19T23:04:54.760472+01:00","level":"DEBUG","msg":"health check request received"}
{"time":"2025-12-19T23:04:54.760543+01:00","level":"DEBUG","msg":"health check response sent"}
{"time":"2025-12-19T23:04:54.761887+01:00","level":"DEBUG","msg":"health check request received"}
{"time":"2025-12-19T23:04:54.761935+01:00","level":"DEBUG","msg":"health check response sent"}
{"time":"2025-12-19T23:04:55.743573+01:00","level":"DEBUG","msg":"health check request received"}
{"time":"2025-12-19T23:04:55.743743+01:00","level":"DEBUG","msg":"health check response sent"}
{"time":"2025-12-19T23:04:55.752013+01:00","level":"DEBUG","msg":"health check request received"}
{"time":"2025-12-19T23:04:55.752126+01:00","level":"DEBUG","msg":"health check response sent"}
{"time":"2025-12-19T23:04:55.752989+01:00","level":"DEBUG","msg":"health check request received"}
{"time":"2025-12-19T23:04:55.753072+01:00","level":"DEBUG","msg":"health check response sent"}
{"time":"2025-12-19T23:04:56.749929+01:00","level":"DEBUG","msg":"health check request received"}
{"time":"2025-12-19T23:04:56.750043+01:00","level":"DEBUG","msg":"health check response sent"}
{"time":"2025-12-19T23:04:56.750843+01:00","level":"DEBUG","msg":"health check request received"}
{"time":"2025-12-19T23:04:56.750928+01:00","level":"DEBUG","msg":"health check response sent"}
{"time":"2025-12-19T23:04:56.751717+01:00","level":"DEBUG","msg":"health check request received"}
{"time":"2025-12-19T23:04:56.751806+01:00","level":"DEBUG","msg":"health check response sent"}
{"time":"2025-12-19T23:04:57.751199+01:00","level":"DEBUG","msg":"health check request received"}
{"time":"2025-12-19T23:04:57.751283+01:00","level":"DEBUG","msg":"health check response sent"}
{"time":"2025-12-19T23:04:57.752438+01:00","level":"DEBUG","msg":"health check request received"}
{"time":"2025-12-19T23:04:57.75254+01:00","level":"DEBUG","msg":"health check response sent"}
{"time":"2025-12-19T23:04:57.753188+01:00","level":"DEBUG","msg":"health check request received"}
{"time":"2025-12-19T23:04:57.753259+01:00","level":"DEBUG","msg":"health check response sent"}
{"time":"2025-12-19T23:04:58.743933+01:00","level":"DEBUG","msg":"health check request received"}
{"time":"2025-12-19T23:04:58.744063+01:00","level":"DEBUG","msg":"health check response sent"}
{"time":"2025-12-19T23:04:58.744499+01:00","level":"DEBUG","msg":"health check request received"}
{"time":"2025-12-19T23:04:58.74456+01:00","level":"DEBUG","msg":"health check response sent"}
{"time":"2025-12-19T23:04:58.74492+01:00","level":"DEBUG","msg":"health check request received"}
{"time":"2025-12-19T23:04:58.74495+01:00","level":"DEBUG","msg":"health check response sent"}
{"time":"2025-12-19T23:04:59.743178+01:00","level":"DEBUG","msg":"health check request received"}
{"time":"2025-12-19T23:04:59.743856+01:00","level":"DEBUG","msg":"health check response sent"}
{"time":"2025-12-19T23:04:59.751545+01:00","level":"DEBUG","msg":"health check request received"}
{"time":"2025-12-19T23:04:59.751635+01:00","level":"DEBUG","msg":"health check response sent"}
{"time":"2025-12-19T23:04:59.752511+01:00","level":"DEBUG","msg":"health check request received"}
{"time":"2025-12-19T23:04:59.752592+01:00","level":"DEBUG","msg":"health check response sent"}
{"time":"2025-12-19T23:05:00.753256+01:00","level":"DEBUG","msg":"health check request received"}
{"time":"2025-12-19T23:05:00.75338+01:00","level":"DEBUG","msg":"health check response sent"}
{"time":"2025-12-19T23:05:00.75474+01:00","level":"DEBUG","msg":"health check request received"}
{"time":"2025-12-19T23:05:00.75483+01:00","level":"DEBUG","msg":"health check response sent"}
{"time":"2025-12-19T23:05:00.755698+01:00","level":"DEBUG","msg":"health check request received"}
{"time":"2025-12-19T23:05:00.755768+01:00","level":"DEBUG","msg":"health check response sent"}
{"time":"2025-12-19T23:05:01.752812+01:00","level":"DEBUG","msg":"health check request received"}
{"time":"2025-12-19T23:05:01.752946+01:00","level":"DEBUG","msg":"health check response sent"}
{"time":"2025-12-19T23:05:01.753953+01:00","level":"DEBUG","msg":"health check request received"}
{"time":"2025-12-19T23:05:01.754042+01:00","level":"DEBUG","msg":"health check response sent"}
{"time":"2025-12-19T23:05:01.754733+01:00","level":"DEBUG","msg":"health check request received"}
{"time":"2025-12-19T23:05:01.754795+01:00","level":"DEBUG","msg":"health check response sent"}
{"time":"2025-12-19T23:05:02.744289+01:00","level":"DEBUG","msg":"health check request received"}
{"time":"2025-12-19T23:05:02.744435+01:00","level":"DEBUG","msg":"health check response sent"}
{"time":"2025-12-19T23:05:02.745992+01:00","level":"DEBUG","msg":"health check request received"}
{"time":"2025-12-19T23:05:02.746074+01:00","level":"DEBUG","msg":"health check response sent"}
{"time":"2025-12-19T23:05:02.752758+01:00","level":"DEBUG","msg":"health check request received"}
{"time":"2025-12-19T23:05:02.752863+01:00","level":"DEBUG","msg":"health check response sent"}
{"time":"2025-12-19T23:05:03.746655+01:00","level":"DEBUG","msg":"health check request received"}
{"time":"2025-12-19T23:05:03.746738+01:00","level":"DEBUG","msg":"health check response sent"}
{"time":"2025-12-19T23:05:03.747865+01:00","level":"DEBUG","msg":"health check request received"}
{"time":"2025-12-19T23:05:03.747954+01:00","level":"DEBUG","msg":"health check response sent"}
{"time":"2025-12-19T23:05:03.748843+01:00","level":"DEBUG","msg":"health check request received"}
{"time":"2025-12-19T23:05:03.748911+01:00","level":"DEBUG","msg":"health check response sent"}
{"time":"2025-12-19T23:05:04.746419+01:00","level":"DEBUG","msg":"health check request received"}
{"time":"2025-12-19T23:05:04.746577+01:00","level":"DEBUG","msg":"health check response sent"}
{"time":"2025-12-19T23:05:04.754119+01:00","level":"DEBUG","msg":"health check request received"}
{"time":"2025-12-19T23:05:04.754241+01:00","level":"DEBUG","msg":"health check response sent"}
{"time":"2025-12-19T23:05:04.755184+01:00","level":"DEBUG","msg":"health check request received"}
{"time":"2025-12-19T23:05:04.755271+01:00","level":"DEBUG","msg":"health check response sent"}
{"time":"2025-12-19T23:05:05.751668+01:00","level":"DEBUG","msg":"health check request received"}
{"time":"2025-12-19T23:05:05.751764+01:00","level":"DEBUG","msg":"health check response sent"}
{"time":"2025-12-19T23:05:05.752633+01:00","level":"DEBUG","msg":"health check request received"}
{"time":"2025-12-19T23:05:05.752716+01:00","level":"DEBUG","msg":"health check response sent"}
{"time":"2025-12-19T23:05:05.753497+01:00","level":"DEBUG","msg":"health check request received"}
{"time":"2025-12-19T23:05:05.753561+01:00","level":"DEBUG","msg":"health check response sent"}
{"time":"2025-12-19T23:05:06.750188+01:00","level":"DEBUG","msg":"health check request received"}
{"time":"2025-12-19T23:05:06.750735+01:00","level":"DEBUG","msg":"health check response sent"}
{"time":"2025-12-19T23:05:06.752249+01:00","level":"DEBUG","msg":"health check request received"}
{"time":"2025-12-19T23:05:06.752353+01:00","level":"DEBUG","msg":"health check response sent"}
{"time":"2025-12-19T23:05:06.753268+01:00","level":"DEBUG","msg":"health check request received"}
{"time":"2025-12-19T23:05:06.75336+01:00","level":"DEBUG","msg":"health check response sent"}
{"time":"2025-12-19T23:05:07.747432+01:00","level":"DEBUG","msg":"health check request received"}
{"time":"2025-12-19T23:05:07.747556+01:00","level":"DEBUG","msg":"health check response sent"}
{"time":"2025-12-19T23:05:07.748721+01:00","level":"DEBUG","msg":"health check request received"}
{"time":"2025-12-19T23:05:07.748842+01:00","level":"DEBUG","msg":"health check response sent"}
{"time":"2025-12-19T23:05:07.749595+01:00","level":"DEBUG","msg":"health check request received"}
{"time":"2025-12-19T23:05:07.749666+01:00","level":"DEBUG","msg":"health check response sent"}
{"time":"2025-12-19T23:05:08.751651+01:00","level":"DEBUG","msg":"health check request received"}
{"time":"2025-12-19T23:05:08.751791+01:00","level":"DEBUG","msg":"health check response sent"}
{"time":"2025-12-19T23:05:08.752726+01:00","level":"DEBUG","msg":"health check request received"}
{"time":"2025-12-19T23:05:08.752814+01:00","level":"DEBUG","msg":"health check response sent"}
{"time":"2025-12-19T23:05:08.753555+01:00","level":"DEBUG","msg":"health check request received"}
{"time":"2025-12-19T23:05:08.753632+01:00","level":"DEBUG","msg":"health check response sent"}
{"time":"2025-12-19T23:05:09.742483+01:00","level":"DEBUG","msg":"health check request received"}
{"time":"2025-12-19T23:05:09.742557+01:00","level":"DEBUG","msg":"health check response sent"}
{"time":"2025-12-19T23:05:09.743288+01:00","level":"DEBUG","msg":"health check request received"}
{"time":"2025-12-19T23:05:09.743339+01:00","level":"DEBUG","msg":"health check response sent"}
{"time":"2025-12-19T23:05:09.743958+01:00","level":"DEBUG","msg":"health check request received"}
{"time":"2025-12-19T23:05:09.744006+01:00","level":"DEBUG","msg":"health check response sent"}
{"time":"2025-12-19T23:05:10.748121+01:00","level":"DEBUG","msg":"health check request received"}
{"time":"2025-12-19T23:05:10.748222+01:00","level":"DEBUG","msg":"health check response sent"}
{"time":"2025-12-19T23:05:10.750844+01:00","level":"DEBUG","msg":"health check request received"}
{"time":"2025-12-19T23:05:10.750956+01:00","level":"DEBUG","msg":"health check response sent"}
{"time":"2025-12-19T23:05:10.752143+01:00","level":"DEBUG","msg":"health check request received"}
{"time":"2025-12-19T23:05:10.752222+01:00","level":"DEBUG","msg":"health check response sent"}
{"time":"2025-12-19T23:05:11.744119+01:00","level":"DEBUG","msg":"health check request received"}
{"time":"2025-12-19T23:05:11.744263+01:00","level":"DEBUG","msg":"health check response sent"}
{"time":"2025-12-19T23:05:11.745007+01:00","level":"DEBUG","msg":"health check request received"}
{"time":"2025-12-19T23:05:11.74507+01:00","level":"DEBUG","msg":"health check response sent"}
{"time":"2025-12-19T23:05:11.747567+01:00","level":"DEBUG","msg":"health check request received"}
{"time":"2025-12-19T23:05:11.747628+01:00","level":"DEBUG","msg":"health check response sent"}
{"time":"2025-12-19T23:05:12.752561+01:00","level":"DEBUG","msg":"health check request received"}
{"time":"2025-12-19T23:05:12.752678+01:00","level":"DEBUG","msg":"health check response sent"}
{"time":"2025-12-19T23:05:12.75466+01:00","level":"DEBUG","msg":"health check request received"}
{"time":"2025-12-19T23:05:12.754762+01:00","level":"DEBUG","msg":"health check response sent"}
{"time":"2025-12-19T23:05:12.755605+01:00","level":"DEBUG","msg":"health check request received"}
{"time":"2025-12-19T23:05:12.755678+01:00","level":"DEBUG","msg":"health check response sent"}
{"time":"2025-12-19T23:05:13.752197+01:00","level":"DEBUG","msg":"health check request received"}
{"time":"2025-12-19T23:05:13.752768+01:00","level":"DEBUG","msg":"health check response sent"}
{"time":"2025-12-19T23:05:13.753835+01:00","level":"DEBUG","msg":"health check request received"}
{"time":"2025-12-19T23:05:13.753945+01:00","level":"DEBUG","msg":"health check response sent"}
{"time":"2025-12-19T23:05:13.754665+01:00","level":"DEBUG","msg":"health check request received"}
{"time":"2025-12-19T23:05:13.754736+01:00","level":"DEBUG","msg":"health check response sent"}
{"time":"2025-12-19T23:05:14.758237+01:00","level":"DEBUG","msg":"health check request received"}
{"time":"2025-12-19T23:05:14.758479+01:00","level":"DEBUG","msg":"health check response sent"}
{"time":"2025-12-19T23:05:14.761331+01:00","level":"DEBUG","msg":"health check request received"}
{"time":"2025-12-19T23:05:14.761415+01:00","level":"DEBUG","msg":"health check response sent"}
{"time":"2025-12-19T23:05:14.763138+01:00","level":"DEBUG","msg":"health check request received"}
{"time":"2025-12-19T23:05:14.763205+01:00","level":"DEBUG","msg":"health check response sent"}
{"time":"2025-12-19T23:05:15.748937+01:00","level":"DEBUG","msg":"health check request received"}
{"time":"2025-12-19T23:05:15.749039+01:00","level":"DEBUG","msg":"health check response sent"}
{"time":"2025-12-19T23:05:15.749804+01:00","level":"DEBUG","msg":"health check request received"}
{"time":"2025-12-19T23:05:15.749869+01:00","level":"DEBUG","msg":"health check response sent"}
{"time":"2025-12-19T23:05:15.750605+01:00","level":"DEBUG","msg":"health check request received"}
{"time":"2025-12-19T23:05:15.750665+01:00","level":"DEBUG","msg":"health check response sent"}
{"time":"2025-12-19T23:05:16.745772+01:00","level":"DEBUG","msg":"health check request received"}
{"time":"2025-12-19T23:05:16.745886+01:00","level":"DEBUG","msg":"health check response sent"}
{"time":"2025-12-19T23:05:16.747572+01:00","level":"DEBUG","msg":"health check request received"}
{"time":"2025-12-19T23:05:16.747782+01:00","level":"DEBUG","msg":"health check response sent"}
{"time":"2025-12-19T23:05:16.748898+01:00","level":"DEBUG","msg":"health check request received"}
{"time":"2025-12-19T23:05:16.748996+01:00","level":"DEBUG","msg":"health check response sent"}
{"time":"2025-12-19T23:05:17.744699+01:00","level":"DEBUG","msg":"health check request received"}
{"time":"2025-12-19T23:05:17.744905+01:00","level":"DEBUG","msg":"health check response sent"}
{"time":"2025-12-19T23:05:17.746622+01:00","level":"DEBUG","msg":"health check request received"}
{"time":"2025-12-19T23:05:17.746761+01:00","level":"DEBUG","msg":"health check response sent"}
{"time":"2025-12-19T23:05:17.747816+01:00","level":"DEBUG","msg":"health check request received"}
{"time":"2025-12-19T23:05:17.747908+01:00","level":"DEBUG","msg":"health check response sent"}
{"time":"2025-12-19T23:05:18.749279+01:00","level":"DEBUG","msg":"health check request received"}
{"time":"2025-12-19T23:05:18.749395+01:00","level":"DEBUG","msg":"health check response sent"}
{"time":"2025-12-19T23:05:18.750315+01:00","level":"DEBUG","msg":"health check request received"}
{"time":"2025-12-19T23:05:18.750406+01:00","level":"DEBUG","msg":"health check response sent"}
{"time":"2025-12-19T23:05:18.751147+01:00","level":"DEBUG","msg":"health check request received"}
{"time":"2025-12-19T23:05:18.751212+01:00","level":"DEBUG","msg":"health check response sent"}
{"time":"2025-12-19T23:05:19.746568+01:00","level":"DEBUG","msg":"health check request received"}
{"time":"2025-12-19T23:05:19.747178+01:00","level":"DEBUG","msg":"health check response sent"}
{"time":"2025-12-19T23:05:19.754696+01:00","level":"DEBUG","msg":"health check request received"}
{"time":"2025-12-19T23:05:19.754785+01:00","level":"DEBUG","msg":"health check response sent"}
{"time":"2025-12-19T23:05:19.755822+01:00","level":"DEBUG","msg":"health check request received"}
{"time":"2025-12-19T23:05:19.755904+01:00","level":"DEBUG","msg":"health check response sent"}
{"time":"2025-12-19T23:05:20.742355+01:00","level":"DEBUG","msg":"health check request received"}
{"time":"2025-12-19T23:05:20.74241+01:00","level":"DEBUG","msg":"health check response sent"}
{"time":"2025-12-19T23:05:20.742758+01:00","level":"DEBUG","msg":"health check request received"}
{"time":"2025-12-19T23:05:20.7428+01:00","level":"DEBUG","msg":"health check response sent"}
{"time":"2025-12-19T23:05:20.743128+01:00","level":"DEBUG","msg":"health check request received"}
{"time":"2025-12-19T23:05:20.743155+01:00","level":"DEBUG","msg":"health check response sent"}
{"time":"2025-12-19T23:05:21.745327+01:00","level":"DEBUG","msg":"health check request received"}
{"time":"2025-12-19T23:05:21.745438+01:00","level":"DEBUG","msg":"health check response sent"}
{"time":"2025-12-19T23:05:21.748153+01:00","level":"DEBUG","msg":"health check request received"}
{"time":"2025-12-19T23:05:21.748203+01:00","level":"DEBUG","msg":"health check response sent"}
{"time":"2025-12-19T23:05:21.748616+01:00","level":"DEBUG","msg":"health check request received"}
{"time":"2025-12-19T23:05:21.748658+01:00","level":"DEBUG","msg":"health check response sent"}
{"time":"2025-12-19T23:05:22.751173+01:00","level":"DEBUG","msg":"health check request received"}
{"time":"2025-12-19T23:05:22.751278+01:00","level":"DEBUG","msg":"health check response sent"}
{"time":"2025-12-19T23:05:22.752066+01:00","level":"DEBUG","msg":"health check request received"}
{"time":"2025-12-19T23:05:22.752154+01:00","level":"DEBUG","msg":"health check response sent"}
{"time":"2025-12-19T23:05:22.752833+01:00","level":"DEBUG","msg":"health check request received"}
{"time":"2025-12-19T23:05:22.752901+01:00","level":"DEBUG","msg":"health check response sent"}
{"time":"2025-12-19T23:05:23.742918+01:00","level":"DEBUG","msg":"health check request received"}
{"time":"2025-12-19T23:05:23.743113+01:00","level":"DEBUG","msg":"health check response sent"}
{"time":"2025-12-19T23:05:23.745122+01:00","level":"DEBUG","msg":"health check request received"}
{"time":"2025-12-19T23:05:23.745255+01:00","level":"DEBUG","msg":"health check response sent"}
{"time":"2025-12-19T23:05:23.752042+01:00","level":"DEBUG","msg":"health check request received"}
{"time":"2025-12-19T23:05:23.752123+01:00","level":"DEBUG","msg":"health check response sent"}
{"time":"2025-12-19T23:05:24.746256+01:00","level":"DEBUG","msg":"health check request received"}
{"time":"2025-12-19T23:05:24.746487+01:00","level":"DEBUG","msg":"health check response sent"}
{"time":"2025-12-19T23:05:24.748996+01:00","level":"DEBUG","msg":"health check request received"}
{"time":"2025-12-19T23:05:24.749352+01:00","level":"DEBUG","msg":"health check response sent"}
{"time":"2025-12-19T23:05:24.750604+01:00","level":"DEBUG","msg":"health check request received"}
{"time":"2025-12-19T23:05:24.750715+01:00","level":"DEBUG","msg":"health check response sent"}
{"time":"2025-12-19T23:05:25.750142+01:00","level":"DEBUG","msg":"health check request received"}
{"time":"2025-12-19T23:05:25.750443+01:00","level":"DEBUG","msg":"health check response sent"}
{"time":"2025-12-19T23:05:25.751322+01:00","level":"DEBUG","msg":"health check request received"}
{"time":"2025-12-19T23:05:25.751414+01:00","level":"DEBUG","msg":"health check response sent"}
{"time":"2025-12-19T23:05:25.752095+01:00","level":"DEBUG","msg":"health check request received"}
{"time":"2025-12-19T23:05:25.752173+01:00","level":"DEBUG","msg":"health check response sent"}
{"time":"2025-12-19T23:05:26.748375+01:00","level":"DEBUG","msg":"health check request received"}
{"time":"2025-12-19T23:05:26.748486+01:00","level":"DEBUG","msg":"health check response sent"}
{"time":"2025-12-19T23:05:26.749321+01:00","level":"DEBUG","msg":"health check request received"}
{"time":"2025-12-19T23:05:26.749413+01:00","level":"DEBUG","msg":"health check response sent"}
{"time":"2025-12-19T23:05:26.750061+01:00","level":"DEBUG","msg":"health check request received"}
{"time":"2025-12-19T23:05:26.750133+01:00","level":"DEBUG","msg":"health check response sent"}
{"time":"2025-12-19T23:05:27.747511+01:00","level":"DEBUG","msg":"health check request received"}
{"time":"2025-12-19T23:05:27.747617+01:00","level":"DEBUG","msg":"health check response sent"}
{"time":"2025-12-19T23:05:27.748747+01:00","level":"DEBUG","msg":"health check request received"}
{"time":"2025-12-19T23:05:27.74885+01:00","level":"DEBUG","msg":"health check response sent"}
{"time":"2025-12-19T23:05:27.749637+01:00","level":"DEBUG","msg":"health check request received"}
{"time":"2025-12-19T23:05:27.749709+01:00","level":"DEBUG","msg":"health check response sent"}
{"time":"2025-12-19T23:05:28.744604+01:00","level":"DEBUG","msg":"health check request received"}
{"time":"2025-12-19T23:05:28.744823+01:00","level":"DEBUG","msg":"health check response sent"}
{"time":"2025-12-19T23:05:28.752112+01:00","level":"DEBUG","msg":"health check request received"}
{"time":"2025-12-19T23:05:28.752241+01:00","level":"DEBUG","msg":"health check response sent"}
{"time":"2025-12-19T23:05:28.753409+01:00","level":"DEBUG","msg":"health check request received"}
{"time":"2025-12-19T23:05:28.753507+01:00","level":"DEBUG","msg":"health check response sent"}
{"time":"2025-12-19T23:05:29.750868+01:00","level":"DEBUG","msg":"health check request received"}
{"time":"2025-12-19T23:05:29.75097+01:00","level":"DEBUG","msg":"health check response sent"}
{"time":"2025-12-19T23:05:29.751781+01:00","level":"DEBUG","msg":"health check request received"}
{"time":"2025-12-19T23:05:29.751864+01:00","level":"DEBUG","msg":"health check response sent"}
{"time":"2025-12-19T23:05:29.752715+01:00","level":"DEBUG","msg":"health check request received"}
{"time":"2025-12-19T23:05:29.752804+01:00","level":"DEBUG","msg":"health check response sent"}
{"time":"2025-12-19T23:05:30.748603+01:00","level":"DEBUG","msg":"health check request received"}
{"time":"2025-12-19T23:05:30.748705+01:00","level":"DEBUG","msg":"health check response sent"}
{"time":"2025-12-19T23:05:30.750497+01:00","level":"DEBUG","msg":"health check request received"}
{"time":"2025-12-19T23:05:30.750597+01:00","level":"DEBUG","msg":"health check response sent"}
{"time":"2025-12-19T23:05:30.751389+01:00","level":"DEBUG","msg":"health check request received"}
{"time":"2025-12-19T23:05:30.751468+01:00","level":"DEBUG","msg":"health check response sent"}
{"time":"2025-12-19T23:05:31.741894+01:00","level":"DEBUG","msg":"health check request received"}
{"time":"2025-12-19T23:05:31.741949+01:00","level":"DEBUG","msg":"health check response sent"}
{"time":"2025-12-19T23:05:31.742364+01:00","level":"DEBUG","msg":"health check request received"}
{"time":"2025-12-19T23:05:31.742407+01:00","level":"DEBUG","msg":"health check response sent"}
{"time":"2025-12-19T23:05:31.742849+01:00","level":"DEBUG","msg":"health check request received"}
{"time":"2025-12-19T23:05:31.742883+01:00","level":"DEBUG","msg":"health check response sent"}
{"time":"2025-12-19T23:05:32.749706+01:00","level":"DEBUG","msg":"health check request received"}
{"time":"2025-12-19T23:05:32.749818+01:00","level":"DEBUG","msg":"health check response sent"}
{"time":"2025-12-19T23:05:32.750682+01:00","level":"DEBUG","msg":"health check request received"}
{"time":"2025-12-19T23:05:32.750769+01:00","level":"DEBUG","msg":"health check response sent"}
{"time":"2025-12-19T23:05:32.75152+01:00","level":"DEBUG","msg":"health check request received"}
{"time":"2025-12-19T23:05:32.751597+01:00","level":"DEBUG","msg":"health check response sent"}
{"time":"2025-12-19T23:05:33.752759+01:00","level":"DEBUG","msg":"health check request received"}
{"time":"2025-12-19T23:05:33.753033+01:00","level":"DEBUG","msg":"health check response sent"}
{"time":"2025-12-19T23:05:33.753924+01:00","level":"DEBUG","msg":"health check request received"}
{"time":"2025-12-19T23:05:33.754024+01:00","level":"DEBUG","msg":"health check response sent"}
{"time":"2025-12-19T23:05:33.7548+01:00","level":"DEBUG","msg":"health check request received"}
{"time":"2025-12-19T23:05:33.754893+01:00","level":"DEBUG","msg":"health check response sent"}
{"time":"2025-12-19T23:05:34.750054+01:00","level":"DEBUG","msg":"health check request received"}
{"time":"2025-12-19T23:05:34.750205+01:00","level":"DEBUG","msg":"health check response sent"}
{"time":"2025-12-19T23:05:34.75191+01:00","level":"DEBUG","msg":"health check request received"}
{"time":"2025-12-19T23:05:34.752031+01:00","level":"DEBUG","msg":"health check response sent"}
{"time":"2025-12-19T23:05:34.752963+01:00","level":"DEBUG","msg":"health check request received"}
{"time":"2025-12-19T23:05:34.753034+01:00","level":"DEBUG","msg":"health check response sent"}
{"time":"2025-12-19T23:05:35.747849+01:00","level":"DEBUG","msg":"health check request received"}
{"time":"2025-12-19T23:05:35.747992+01:00","level":"DEBUG","msg":"health check response sent"}
{"time":"2025-12-19T23:05:35.749351+01:00","level":"DEBUG","msg":"health check request received"}
{"time":"2025-12-19T23:05:35.74948+01:00","level":"DEBUG","msg":"health check response sent"}
{"time":"2025-12-19T23:05:35.750543+01:00","level":"DEBUG","msg":"health check request received"}
{"time":"2025-12-19T23:05:35.750619+01:00","level":"DEBUG","msg":"health check response sent"}
{"time":"2025-12-19T23:05:36.743796+01:00","level":"DEBUG","msg":"health check request received"}
{"time":"2025-12-19T23:05:36.743849+01:00","level":"DEBUG","msg":"health check response sent"}
{"time":"2025-12-19T23:05:36.750459+01:00","level":"DEBUG","msg":"health check request received"}
{"time":"2025-12-19T23:05:36.750551+01:00","level":"DEBUG","msg":"health check response sent"}
{"time":"2025-12-19T23:05:37.742122+01:00","level":"DEBUG","msg":"health check request received"}
{"time":"2025-12-19T23:05:37.742165+01:00","level":"DEBUG","msg":"health check response sent"}
{"time":"2025-12-19T23:05:37.744282+01:00","level":"DEBUG","msg":"health check request received"}
{"time":"2025-12-19T23:05:37.744311+01:00","level":"DEBUG","msg":"health check response sent"}
